<?xml version="1.0" encoding="UTF-8"?>
<!-- Generated by org.testng.reporters.JUnitReportReporter -->
<testsuite skipped="0" hostname="LAPTOP-RJ7TOR0I" name="com.ecore.qa.testcases.FeedsPageTest" tests="10" failures="0" timestamp="2021-12-28T15:48:21 IST" time="257.595" errors="0">
  <testcase name="validateFeedsNameAfterFiltersWithSearchTypeAsContains" time="25.644" classname="com.ecore.qa.testcases.FeedsPageTest"/>
  <system-out/>
  <testcase name="validateFeedsNameAfterFiltersWithSearchTypeAsBeginsWith" time="27.528" classname="com.ecore.qa.testcases.FeedsPageTest"/>
  <system-out/>
  <testcase name="validateFeedsNameAfterFiltersWithSearchTypeAsEndsWith" time="22.882" classname="com.ecore.qa.testcases.FeedsPageTest"/>
  <system-out/>
  <testcase name="validateFeedsNameAfterFiltersWithSearchTypeAsExactMatch" time="26.919" classname="com.ecore.qa.testcases.FeedsPageTest"/>
  <system-out/>
  <testcase name="validateFeedAfterFiltersWithSelectUsersAsClubOwner" time="28.691" classname="com.ecore.qa.testcases.FeedsPageTest"/>
  <system-out/>
  <testcase name="validateFeedAfterFiltersWithSelectUsersAsAdmin" time="28.317" classname="com.ecore.qa.testcases.FeedsPageTest"/>
  <system-out/>
  <testcase name="validateFeedsAfterFilterWithPublishedOn" time="32.259" classname="com.ecore.qa.testcases.FeedsPageTest"/>
  <system-out/>
  <testcase name="validateFeedsNameAfterSearchingWithFeedName" time="19.741" classname="com.ecore.qa.testcases.FeedsPageTest"/>
  <system-out/>
  <testcase name="validatePostedByAfterSearchWithPostedBy" time="23.070" classname="com.ecore.qa.testcases.FeedsPageTest"/>
  <system-out/>
  <testcase name="validateUserTypeAfterSearchWithUserType" time="22.544" classname="com.ecore.qa.testcases.FeedsPageTest"/>
  <system-out/>
</testsuite> <!-- com.ecore.qa.testcases.FeedsPageTest -->
