<?xml version="1.0" encoding="UTF-8"?>
<!-- Generated by org.testng.reporters.JUnitReportReporter -->
<testsuite skipped="0" hostname="LAPTOP-RJ7TOR0I" name="com.ecore.qa.testcases.LoginPageTest" tests="3" failures="0" timestamp="2021-12-27T19:40:00 IST" time="24.880" errors="0">
  <testcase name="loginPageTitleTest" time="4.727" classname="com.ecore.qa.testcases.LoginPageTest"/>
  <system-out/>
  <testcase name="loginWithInvalidEmailOrPassword" time="6.446" classname="com.ecore.qa.testcases.LoginPageTest"/>
  <system-out/>
  <testcase name="loginWithValidEmailAndPassword" time="13.707" classname="com.ecore.qa.testcases.LoginPageTest"/>
  <system-out/>
</testsuite> <!-- com.ecore.qa.testcases.LoginPageTest -->
