<?xml version="1.0" encoding="UTF-8"?>
<!-- Generated by org.testng.reporters.JUnitReportReporter -->
<testsuite skipped="0" hostname="LAPTOP-RJ7TOR0I" name="com.ecore.qa.testcases.EventPageTest" tests="4" failures="0" timestamp="2021-12-27T19:40:00 IST" time="72.949" errors="0">
  <testcase name="validateEventsNameAfterFiltersWithSearchTypeAsContains" time="18.394" classname="com.ecore.qa.testcases.EventPageTest"/>
  <system-out/>
  <testcase name="validateEventsNameAfterFiltersWithSearchTypeAsBeginsWith" time="17.926" classname="com.ecore.qa.testcases.EventPageTest"/>
  <system-out/>
  <testcase name="validateEventsNameAfterFiltersWithSearchTypeAsEndsWith" time="18.173" classname="com.ecore.qa.testcases.EventPageTest"/>
  <system-out/>
  <testcase name="validateEventsNameAfterFiltersWithSearchTypeAsExactMatch" time="18.456" classname="com.ecore.qa.testcases.EventPageTest"/>
  <system-out/>
</testsuite> <!-- com.ecore.qa.testcases.EventPageTest -->
