<?xml version="1.0" encoding="UTF-8"?>
<!-- Generated by org.testng.reporters.JUnitReportReporter -->
<testsuite skipped="0" hostname="LAPTOP-RJ7TOR0I" name="com.ecore.qa.testcases.UserPageTest" tests="28" failures="0" timestamp="2021-12-27T19:40:00 IST" time="503.525" errors="0">
  <testcase name="validateUserNameAfterFiltersWithSearchTypeAsContains" time="21.151" classname="com.ecore.qa.testcases.UserPageTest"/>
  <system-out/>
  <testcase name="validateUserNameAfterFiltersWithSearchTypeAsBeginsWith" time="17.280" classname="com.ecore.qa.testcases.UserPageTest"/>
  <system-out/>
  <testcase name="validateUserNameAfterFiltersWithSearchTypeAsEndsWith" time="17.439" classname="com.ecore.qa.testcases.UserPageTest"/>
  <system-out/>
  <testcase name="validateUserNameAfterFiltersWithSearchTypeAsExactMatch" time="18.287" classname="com.ecore.qa.testcases.UserPageTest"/>
  <system-out/>
  <testcase name="validatePhoneNumberAfterFiltersWithSearchTypeAsContains" time="19.628" classname="com.ecore.qa.testcases.UserPageTest"/>
  <system-out/>
  <testcase name="validatePhoneNumberAfterFiltersWithSearchTypeAsBeginsWith" time="18.674" classname="com.ecore.qa.testcases.UserPageTest"/>
  <system-out/>
  <testcase name="validatePhoneNumberAfterFiltersWithSearchTypeAsEndsWith" time="19.311" classname="com.ecore.qa.testcases.UserPageTest"/>
  <system-out/>
  <testcase name="validatePhoneNumberAfterFiltersWithSearchTypeAsExatchMatch" time="21.661" classname="com.ecore.qa.testcases.UserPageTest"/>
  <system-out/>
  <testcase name="validateUsersAfterFiltersWithSelectUsersAsVisitor" time="19.075" classname="com.ecore.qa.testcases.UserPageTest"/>
  <system-out/>
  <testcase name="validateUsersAfterFiltersWithSelectUsersAsCustomer" time="19.201" classname="com.ecore.qa.testcases.UserPageTest"/>
  <system-out/>
  <testcase name="validateUsersAfterFiltersWithSelectUsersAsAmbassador" time="19.919" classname="com.ecore.qa.testcases.UserPageTest"/>
  <system-out/>
  <testcase name="validateUsersAfterFiltersWithSelectUsersAsGuide" time="20.909" classname="com.ecore.qa.testcases.UserPageTest"/>
  <system-out/>
  <testcase name="validateUsersAfterFiltersWithSelectUsersAsAdmin" time="18.547" classname="com.ecore.qa.testcases.UserPageTest"/>
  <system-out/>
  <testcase name="validateIsBlockedUsersAfterFilterWithSelectYes" time="23.697" classname="com.ecore.qa.testcases.UserPageTest"/>
  <system-out/>
  <testcase name="validateIsBlockedUsersAfterFilterWithSelectNo" time="20.041" classname="com.ecore.qa.testcases.UserPageTest"/>
  <system-out/>
  <testcase name="validateDateOfUsersAfterFilterWithDateRange" time="27.412" classname="com.ecore.qa.testcases.UserPageTest"/>
  <system-out/>
  <testcase name="validateTenEntriesShownAfterSelectingTen" time="11.655" classname="com.ecore.qa.testcases.UserPageTest"/>
  <system-out/>
  <testcase name="validateTwentyFiveEntriesShownAfterSelectingTwentyFive" time="11.677" classname="com.ecore.qa.testcases.UserPageTest"/>
  <system-out/>
  <testcase name="validateFiftyEntriesShownAfterSelectingFifty" time="11.837" classname="com.ecore.qa.testcases.UserPageTest"/>
  <system-out/>
  <testcase name="validateHundredEntriesShownAfterSelectingHundred" time="11.981" classname="com.ecore.qa.testcases.UserPageTest"/>
  <system-out/>
  <testcase name="validateViewUserProfileDetails" time="21.310" classname="com.ecore.qa.testcases.UserPageTest"/>
  <system-out/>
  <testcase name="validateBlockedUser" time="21.376" classname="com.ecore.qa.testcases.UserPageTest"/>
  <system-out/>
  <testcase name="validateUnBlockedUser" time="21.356" classname="com.ecore.qa.testcases.UserPageTest"/>
  <system-out/>
  <testcase name="validateSearchWithPhoneNumer" time="14.173" classname="com.ecore.qa.testcases.UserPageTest"/>
  <system-out/>
  <testcase name="validateSearchWithName" time="13.883" classname="com.ecore.qa.testcases.UserPageTest"/>
  <system-out/>
  <testcase name="validateSearchWithDOB" time="14.128" classname="com.ecore.qa.testcases.UserPageTest"/>
  <system-out/>
  <testcase name="validateSearchWithReferral" time="14.029" classname="com.ecore.qa.testcases.UserPageTest"/>
  <system-out/>
  <testcase name="validateSearchWithJoiningReferral" time="13.888" classname="com.ecore.qa.testcases.UserPageTest"/>
  <system-out/>
</testsuite> <!-- com.ecore.qa.testcases.UserPageTest -->
